[0.166s] DEBUG:colcon:Command line arguments: ['/usr/bin/colcon', 'build', '--packages-select', 'robot_control']
[0.166s] DEBUG:colcon:Parsed command line arguments: Namespace(log_base=None, log_level=None, verb_name='build', build_base='build', install_base='install', merge_install=False, symlink_install=False, test_result_base=None, continue_on_error=False, executor='parallel', parallel_workers=8, event_handlers=None, ignore_user_meta=False, metas=['./colcon.meta'], base_paths=['.'], packages_ignore=None, packages_ignore_regex=None, paths=None, packages_up_to=None, packages_up_to_regex=None, packages_above=None, packages_above_and_dependencies=None, packages_above_depth=None, packages_select_by_dep=None, packages_skip_by_dep=None, packages_skip_up_to=None, packages_select_build_failed=False, packages_skip_build_finished=False, packages_select_test_failures=False, packages_skip_test_passed=False, packages_select=['robot_control'], packages_skip=None, packages_select_regex=None, packages_skip_regex=None, packages_start=None, packages_end=None, allow_overriding=[], cmake_args=None, cmake_target=None, cmake_target_skip_unavailable=False, cmake_clean_cache=False, cmake_clean_first=False, cmake_force_configure=False, ament_cmake_args=None, catkin_cmake_args=None, catkin_skip_building_tests=False, verb_parser=<colcon_defaults.argument_parser.defaults.DefaultArgumentsDecorator object at 0x775b40d71280>, verb_extension=<colcon_core.verb.build.BuildVerb object at 0x775b40e8d490>, main=<bound method BuildVerb.main of <colcon_core.verb.build.BuildVerb object at 0x775b40e8d490>>)
[0.236s] Level 1:colcon.colcon_core.package_discovery:discover_packages(colcon_meta) check parameters
[0.236s] Level 1:colcon.colcon_core.package_discovery:discover_packages(recursive) check parameters
[0.236s] Level 1:colcon.colcon_core.package_discovery:discover_packages(ignore) check parameters
[0.236s] Level 1:colcon.colcon_core.package_discovery:discover_packages(path) check parameters
[0.236s] Level 1:colcon.colcon_core.package_discovery:discover_packages(colcon_meta) discover
[0.236s] Level 1:colcon.colcon_core.package_discovery:discover_packages(recursive) discover
[0.236s] INFO:colcon.colcon_core.package_discovery:Crawling recursively for packages in '/home/saul_rovelo/Documentos/Ros'
[0.237s] Level 1:colcon.colcon_core.package_identification:_identify(.) by extensions ['ignore', 'ignore_ament_install']
[0.237s] Level 1:colcon.colcon_core.package_identification:_identify(.) by extension 'ignore'
[0.237s] Level 1:colcon.colcon_core.package_identification:_identify(.) by extension 'ignore_ament_install'
[0.237s] Level 1:colcon.colcon_core.package_identification:_identify(.) by extensions ['colcon_pkg']
[0.237s] Level 1:colcon.colcon_core.package_identification:_identify(.) by extension 'colcon_pkg'
[0.237s] Level 1:colcon.colcon_core.package_identification:_identify(.) by extensions ['colcon_meta']
[0.237s] Level 1:colcon.colcon_core.package_identification:_identify(.) by extension 'colcon_meta'
[0.237s] Level 1:colcon.colcon_core.package_identification:_identify(.) by extensions ['ros']
[0.237s] Level 1:colcon.colcon_core.package_identification:_identify(.) by extension 'ros'
[0.270s] Level 1:colcon.colcon_core.package_identification:_identify(.) by extensions ['cmake', 'python']
[0.270s] Level 1:colcon.colcon_core.package_identification:_identify(.) by extension 'cmake'
[0.270s] Level 1:colcon.colcon_core.package_identification:_identify(.) by extension 'python'
[0.270s] Level 1:colcon.colcon_core.package_identification:_identify(.) by extensions ['python_setup_py']
[0.270s] Level 1:colcon.colcon_core.package_identification:_identify(.) by extension 'python_setup_py'
[0.270s] Level 1:colcon.colcon_core.package_identification:_identify(build) by extensions ['ignore', 'ignore_ament_install']
[0.270s] Level 1:colcon.colcon_core.package_identification:_identify(build) by extension 'ignore'
[0.270s] Level 1:colcon.colcon_core.package_identification:_identify(build) ignored
[0.270s] Level 1:colcon.colcon_core.package_identification:_identify(install) by extensions ['ignore', 'ignore_ament_install']
[0.271s] Level 1:colcon.colcon_core.package_identification:_identify(install) by extension 'ignore'
[0.271s] Level 1:colcon.colcon_core.package_identification:_identify(install) ignored
[0.271s] Level 1:colcon.colcon_core.package_identification:_identify(log) by extensions ['ignore', 'ignore_ament_install']
[0.271s] Level 1:colcon.colcon_core.package_identification:_identify(log) by extension 'ignore'
[0.271s] Level 1:colcon.colcon_core.package_identification:_identify(log) ignored
[0.271s] Level 1:colcon.colcon_core.package_identification:_identify(src) by extensions ['ignore', 'ignore_ament_install']
[0.271s] Level 1:colcon.colcon_core.package_identification:_identify(src) by extension 'ignore'
[0.271s] Level 1:colcon.colcon_core.package_identification:_identify(src) by extension 'ignore_ament_install'
[0.271s] Level 1:colcon.colcon_core.package_identification:_identify(src) by extensions ['colcon_pkg']
[0.271s] Level 1:colcon.colcon_core.package_identification:_identify(src) by extension 'colcon_pkg'
[0.271s] Level 1:colcon.colcon_core.package_identification:_identify(src) by extensions ['colcon_meta']
[0.271s] Level 1:colcon.colcon_core.package_identification:_identify(src) by extension 'colcon_meta'
[0.271s] Level 1:colcon.colcon_core.package_identification:_identify(src) by extensions ['ros']
[0.271s] Level 1:colcon.colcon_core.package_identification:_identify(src) by extension 'ros'
[0.271s] Level 1:colcon.colcon_core.package_identification:_identify(src) by extensions ['cmake', 'python']
[0.271s] Level 1:colcon.colcon_core.package_identification:_identify(src) by extension 'cmake'
[0.272s] Level 1:colcon.colcon_core.package_identification:_identify(src) by extension 'python'
[0.272s] Level 1:colcon.colcon_core.package_identification:_identify(src) by extensions ['python_setup_py']
[0.272s] Level 1:colcon.colcon_core.package_identification:_identify(src) by extension 'python_setup_py'
[0.272s] Level 1:colcon.colcon_core.package_identification:_identify(src/robot_control) by extensions ['ignore', 'ignore_ament_install']
[0.272s] Level 1:colcon.colcon_core.package_identification:_identify(src/robot_control) by extension 'ignore'
[0.272s] Level 1:colcon.colcon_core.package_identification:_identify(src/robot_control) by extension 'ignore_ament_install'
[0.272s] Level 1:colcon.colcon_core.package_identification:_identify(src/robot_control) by extensions ['colcon_pkg']
[0.272s] Level 1:colcon.colcon_core.package_identification:_identify(src/robot_control) by extension 'colcon_pkg'
[0.272s] Level 1:colcon.colcon_core.package_identification:_identify(src/robot_control) by extensions ['colcon_meta']
[0.272s] Level 1:colcon.colcon_core.package_identification:_identify(src/robot_control) by extension 'colcon_meta'
[0.272s] Level 1:colcon.colcon_core.package_identification:_identify(src/robot_control) by extensions ['ros']
[0.272s] Level 1:colcon.colcon_core.package_identification:_identify(src/robot_control) by extension 'ros'
[0.277s] DEBUG:colcon.colcon_core.package_identification:Package 'src/robot_control' with type 'ros.ament_python' and name 'robot_control'
[0.277s] Level 1:colcon.colcon_core.package_discovery:discover_packages(recursive) using defaults
[0.278s] Level 1:colcon.colcon_core.package_discovery:discover_packages(ignore) discover
[0.278s] Level 1:colcon.colcon_core.package_discovery:discover_packages(ignore) using defaults
[0.278s] Level 1:colcon.colcon_core.package_discovery:discover_packages(path) discover
[0.278s] Level 1:colcon.colcon_core.package_discovery:discover_packages(path) using defaults
[0.305s] Level 1:colcon.colcon_core.package_discovery:discover_packages(prefix_path) check parameters
[0.305s] Level 1:colcon.colcon_core.package_discovery:discover_packages(prefix_path) discover
[0.310s] DEBUG:colcon.colcon_installed_package_information.package_discovery:Found 317 installed packages in /opt/ros/jazzy
[0.311s] Level 1:colcon.colcon_core.package_discovery:discover_packages(prefix_path) using defaults
[0.367s] Level 5:colcon.colcon_core.verb:set package 'robot_control' build argument 'cmake_args' from command line to 'None'
[0.367s] Level 5:colcon.colcon_core.verb:set package 'robot_control' build argument 'cmake_target' from command line to 'None'
[0.367s] Level 5:colcon.colcon_core.verb:set package 'robot_control' build argument 'cmake_target_skip_unavailable' from command line to 'False'
[0.367s] Level 5:colcon.colcon_core.verb:set package 'robot_control' build argument 'cmake_clean_cache' from command line to 'False'
[0.367s] Level 5:colcon.colcon_core.verb:set package 'robot_control' build argument 'cmake_clean_first' from command line to 'False'
[0.367s] Level 5:colcon.colcon_core.verb:set package 'robot_control' build argument 'cmake_force_configure' from command line to 'False'
[0.367s] Level 5:colcon.colcon_core.verb:set package 'robot_control' build argument 'ament_cmake_args' from command line to 'None'
[0.367s] Level 5:colcon.colcon_core.verb:set package 'robot_control' build argument 'catkin_cmake_args' from command line to 'None'
[0.367s] Level 5:colcon.colcon_core.verb:set package 'robot_control' build argument 'catkin_skip_building_tests' from command line to 'False'
[0.367s] DEBUG:colcon.colcon_core.verb:Building package 'robot_control' with the following arguments: {'ament_cmake_args': None, 'build_base': '/home/saul_rovelo/Documentos/Ros/build/robot_control', 'catkin_cmake_args': None, 'catkin_skip_building_tests': False, 'cmake_args': None, 'cmake_clean_cache': False, 'cmake_clean_first': False, 'cmake_force_configure': False, 'cmake_target': None, 'cmake_target_skip_unavailable': False, 'install_base': '/home/saul_rovelo/Documentos/Ros/install/robot_control', 'merge_install': False, 'path': '/home/saul_rovelo/Documentos/Ros/src/robot_control', 'symlink_install': False, 'test_result_base': None}
[0.368s] INFO:colcon.colcon_core.executor:Executing jobs using 'parallel' executor
[0.368s] DEBUG:colcon.colcon_parallel_executor.executor.parallel:run_until_complete
[0.368s] INFO:colcon.colcon_ros.task.ament_python.build:Building ROS package in '/home/saul_rovelo/Documentos/Ros/src/robot_control' with build type 'ament_python'
[0.369s] Level 1:colcon.colcon_core.shell:create_environment_hook('robot_control', 'ament_prefix_path')
[0.372s] INFO:colcon.colcon_core.plugin_system:Skipping extension 'colcon_core.shell.bat': Not used on non-Windows systems
[0.372s] INFO:colcon.colcon_core.shell:Creating environment hook '/home/saul_rovelo/Documentos/Ros/install/robot_control/share/robot_control/hook/ament_prefix_path.ps1'
[0.374s] INFO:colcon.colcon_core.shell:Creating environment descriptor '/home/saul_rovelo/Documentos/Ros/install/robot_control/share/robot_control/hook/ament_prefix_path.dsv'
[0.375s] INFO:colcon.colcon_core.shell:Creating environment hook '/home/saul_rovelo/Documentos/Ros/install/robot_control/share/robot_control/hook/ament_prefix_path.sh'
[0.376s] INFO:colcon.colcon_core.shell:Skip shell extension 'powershell' for command environment: Not usable outside of PowerShell
[0.376s] DEBUG:colcon.colcon_core.shell:Skip shell extension 'dsv' for command environment
[0.894s] INFO:colcon.colcon_core.task.python.build:Building Python package in '/home/saul_rovelo/Documentos/Ros/src/robot_control'
[0.895s] INFO:colcon.colcon_core.shell:Skip shell extension 'powershell' for command environment: Not usable outside of PowerShell
[0.896s] DEBUG:colcon.colcon_core.shell:Skip shell extension 'dsv' for command environment
[2.784s] DEBUG:colcon.colcon_core.event_handler.log_command:Invoking command in '/home/saul_rovelo/Documentos/Ros/src/robot_control': DEBUGINFOD_URLS=https://debuginfod.ubuntu.com PYTHONPATH=/home/saul_rovelo/Documentos/Ros/build/robot_control/prefix_override:/usr/lib/python3/dist-packages/colcon_core/task/python/colcon_distutils_commands:/home/saul_rovelo/Documentos/Ros/install/robot_control/lib/python3.12/site-packages:${PYTHONPATH} /usr/bin/python3 -W ignore:setup.py install is deprecated -W ignore:easy_install command is deprecated setup.py egg_info --egg-base ../../build/robot_control build --build-base /home/saul_rovelo/Documentos/Ros/build/robot_control/build install --record /home/saul_rovelo/Documentos/Ros/build/robot_control/install.log --single-version-externally-managed install_data
[4.465s] DEBUG:colcon.colcon_core.event_handler.log_command:Invoked command in '/home/saul_rovelo/Documentos/Ros/src/robot_control' returned '0': DEBUGINFOD_URLS=https://debuginfod.ubuntu.com PYTHONPATH=/home/saul_rovelo/Documentos/Ros/build/robot_control/prefix_override:/usr/lib/python3/dist-packages/colcon_core/task/python/colcon_distutils_commands:/home/saul_rovelo/Documentos/Ros/install/robot_control/lib/python3.12/site-packages:${PYTHONPATH} /usr/bin/python3 -W ignore:setup.py install is deprecated -W ignore:easy_install command is deprecated setup.py egg_info --egg-base ../../build/robot_control build --build-base /home/saul_rovelo/Documentos/Ros/build/robot_control/build install --record /home/saul_rovelo/Documentos/Ros/build/robot_control/install.log --single-version-externally-managed install_data
[4.471s] Level 1:colcon.colcon_core.environment:checking '/home/saul_rovelo/Documentos/Ros/install/robot_control' for CMake module files
[4.472s] Level 1:colcon.colcon_core.environment:checking '/home/saul_rovelo/Documentos/Ros/install/robot_control' for CMake config files
[4.474s] Level 1:colcon.colcon_core.environment:checking '/home/saul_rovelo/Documentos/Ros/install/robot_control/lib'
[4.474s] Level 1:colcon.colcon_core.environment:checking '/home/saul_rovelo/Documentos/Ros/install/robot_control/bin'
[4.474s] Level 1:colcon.colcon_core.environment:checking '/home/saul_rovelo/Documentos/Ros/install/robot_control/lib/pkgconfig/robot_control.pc'
[4.475s] Level 1:colcon.colcon_core.environment:checking '/home/saul_rovelo/Documentos/Ros/install/robot_control/lib/python3.12/site-packages'
[4.476s] Level 1:colcon.colcon_core.shell:create_environment_hook('robot_control', 'pythonpath')
[4.476s] INFO:colcon.colcon_core.shell:Creating environment hook '/home/saul_rovelo/Documentos/Ros/install/robot_control/share/robot_control/hook/pythonpath.ps1'
[4.477s] INFO:colcon.colcon_core.shell:Creating environment descriptor '/home/saul_rovelo/Documentos/Ros/install/robot_control/share/robot_control/hook/pythonpath.dsv'
[4.480s] INFO:colcon.colcon_core.shell:Creating environment hook '/home/saul_rovelo/Documentos/Ros/install/robot_control/share/robot_control/hook/pythonpath.sh'
[4.482s] Level 1:colcon.colcon_core.environment:checking '/home/saul_rovelo/Documentos/Ros/install/robot_control/bin'
[4.482s] Level 1:colcon.colcon_core.environment:create_environment_scripts_only(robot_control)
[4.482s] INFO:colcon.colcon_core.shell:Creating package script '/home/saul_rovelo/Documentos/Ros/install/robot_control/share/robot_control/package.ps1'
[4.484s] INFO:colcon.colcon_core.shell:Creating package descriptor '/home/saul_rovelo/Documentos/Ros/install/robot_control/share/robot_control/package.dsv'
[4.486s] INFO:colcon.colcon_core.shell:Creating package script '/home/saul_rovelo/Documentos/Ros/install/robot_control/share/robot_control/package.sh'
[4.488s] INFO:colcon.colcon_core.shell:Creating package script '/home/saul_rovelo/Documentos/Ros/install/robot_control/share/robot_control/package.bash'
[4.491s] INFO:colcon.colcon_core.shell:Creating package script '/home/saul_rovelo/Documentos/Ros/install/robot_control/share/robot_control/package.zsh'
[4.493s] Level 1:colcon.colcon_core.environment:create_file_with_runtime_dependencies(/home/saul_rovelo/Documentos/Ros/install/robot_control/share/colcon-core/packages/robot_control)
[4.495s] DEBUG:colcon.colcon_parallel_executor.executor.parallel:closing loop
[4.497s] DEBUG:colcon.colcon_parallel_executor.executor.parallel:loop closed
[4.498s] DEBUG:colcon.colcon_parallel_executor.executor.parallel:run_until_complete finished with '0'
[4.498s] DEBUG:colcon.colcon_core.event_reactor:joining thread
[4.525s] INFO:colcon.colcon_core.plugin_system:Skipping extension 'colcon_notification.desktop_notification.terminal_notifier': Not used on non-Darwin systems
[4.526s] INFO:colcon.colcon_core.plugin_system:Skipping extension 'colcon_notification.desktop_notification.win32': Not used on non-Windows systems
[4.526s] INFO:colcon.colcon_notification.desktop_notification:Sending desktop notification using 'notify2'
[4.598s] DEBUG:colcon.colcon_core.event_reactor:joined thread
[4.600s] INFO:colcon.colcon_core.shell:Creating prefix script '/home/saul_rovelo/Documentos/Ros/install/local_setup.ps1'
[4.611s] INFO:colcon.colcon_core.shell:Creating prefix util module '/home/saul_rovelo/Documentos/Ros/install/_local_setup_util_ps1.py'
[4.620s] INFO:colcon.colcon_core.shell:Creating prefix chain script '/home/saul_rovelo/Documentos/Ros/install/setup.ps1'
[4.628s] INFO:colcon.colcon_core.shell:Creating prefix script '/home/saul_rovelo/Documentos/Ros/install/local_setup.sh'
[4.635s] INFO:colcon.colcon_core.shell:Creating prefix util module '/home/saul_rovelo/Documentos/Ros/install/_local_setup_util_sh.py'
[4.637s] INFO:colcon.colcon_core.shell:Creating prefix chain script '/home/saul_rovelo/Documentos/Ros/install/setup.sh'
[4.648s] INFO:colcon.colcon_core.shell:Creating prefix script '/home/saul_rovelo/Documentos/Ros/install/local_setup.bash'
[4.655s] INFO:colcon.colcon_core.shell:Creating prefix chain script '/home/saul_rovelo/Documentos/Ros/install/setup.bash'
[4.670s] INFO:colcon.colcon_core.shell:Creating prefix script '/home/saul_rovelo/Documentos/Ros/install/local_setup.zsh'
[4.673s] INFO:colcon.colcon_core.shell:Creating prefix chain script '/home/saul_rovelo/Documentos/Ros/install/setup.zsh'
