[2.409s] Invoking command in '/home/saul_rovelo/Documentos/Ros/src/robot_control': DEBUGINFOD_URLS=https://debuginfod.ubuntu.com PYTHONPATH=/home/saul_rovelo/Documentos/Ros/build/robot_control/prefix_override:/usr/lib/python3/dist-packages/colcon_core/task/python/colcon_distutils_commands:/home/saul_rovelo/Documentos/Ros/install/robot_control/lib/python3.12/site-packages:${PYTHONPATH} /usr/bin/python3 -W ignore:setup.py install is deprecated -W ignore:easy_install command is deprecated setup.py egg_info --egg-base ../../build/robot_control build --build-base /home/saul_rovelo/Documentos/Ros/build/robot_control/build install --record /home/saul_rovelo/Documentos/Ros/build/robot_control/install.log --single-version-externally-managed install_data
[3.286s] running egg_info
[3.341s] writing ../../build/robot_control/robot_control.egg-info/PKG-INFO
[3.342s] writing dependency_links to ../../build/robot_control/robot_control.egg-info/dependency_links.txt
[3.343s] writing entry points to ../../build/robot_control/robot_control.egg-info/entry_points.txt
[3.344s] writing requirements to ../../build/robot_control/robot_control.egg-info/requires.txt
[3.344s] writing top-level names to ../../build/robot_control/robot_control.egg-info/top_level.txt
[3.469s] reading manifest file '../../build/robot_control/robot_control.egg-info/SOURCES.txt'
[3.472s] writing manifest file '../../build/robot_control/robot_control.egg-info/SOURCES.txt'
[3.472s] running build
[3.473s] running build_py
[3.474s] running install
[3.490s] running install_lib
[3.544s] running install_data
[3.545s] copying package.xml -> /home/saul_rovelo/Documentos/Ros/install/robot_control/share/robot_control
[3.545s] copying launch/sim_tricycle_launch.py -> /home/saul_rovelo/Documentos/Ros/install/robot_control/share/robot_control/launch
[3.546s] creating /home/saul_rovelo/Documentos/Ros/install/robot_control/share/robot_control/urdf
[3.546s] copying urdf/tricycle.xacro -> /home/saul_rovelo/Documentos/Ros/install/robot_control/share/robot_control/urdf
[3.547s] running install_egg_info
[3.610s] removing '/home/saul_rovelo/Documentos/Ros/install/robot_control/lib/python3.12/site-packages/robot_control-0.0.0-py3.12.egg-info' (and everything under it)
[3.611s] Copying ../../build/robot_control/robot_control.egg-info to /home/saul_rovelo/Documentos/Ros/install/robot_control/lib/python3.12/site-packages/robot_control-0.0.0-py3.12.egg-info
[3.614s] running install_scripts
[3.999s] Installing commander_node script to /home/saul_rovelo/Documentos/Ros/install/robot_control/lib/robot_control
[4.000s] Installing controller_node script to /home/saul_rovelo/Documentos/Ros/install/robot_control/lib/robot_control
[4.000s] Installing monitor_node script to /home/saul_rovelo/Documentos/Ros/install/robot_control/lib/robot_control
[4.001s] writing list of installed files to '/home/saul_rovelo/Documentos/Ros/build/robot_control/install.log'
[4.096s] Invoked command in '/home/saul_rovelo/Documentos/Ros/src/robot_control' returned '0': DEBUGINFOD_URLS=https://debuginfod.ubuntu.com PYTHONPATH=/home/saul_rovelo/Documentos/Ros/build/robot_control/prefix_override:/usr/lib/python3/dist-packages/colcon_core/task/python/colcon_distutils_commands:/home/saul_rovelo/Documentos/Ros/install/robot_control/lib/python3.12/site-packages:${PYTHONPATH} /usr/bin/python3 -W ignore:setup.py install is deprecated -W ignore:easy_install command is deprecated setup.py egg_info --egg-base ../../build/robot_control build --build-base /home/saul_rovelo/Documentos/Ros/build/robot_control/build install --record /home/saul_rovelo/Documentos/Ros/build/robot_control/install.log --single-version-externally-managed install_data
