[0.318s] DEBUG:colcon:Command line arguments: ['/usr/bin/colcon', 'build', '--packages-select', 'robot_control']
[0.319s] DEBUG:colcon:Parsed command line arguments: Namespace(log_base=None, log_level=None, verb_name='build', build_base='build', install_base='install', merge_install=False, symlink_install=False, test_result_base=None, continue_on_error=False, executor='parallel', parallel_workers=8, event_handlers=None, ignore_user_meta=False, metas=['./colcon.meta'], base_paths=['.'], packages_ignore=None, packages_ignore_regex=None, paths=None, packages_up_to=None, packages_up_to_regex=None, packages_above=None, packages_above_and_dependencies=None, packages_above_depth=None, packages_select_by_dep=None, packages_skip_by_dep=None, packages_skip_up_to=None, packages_select_build_failed=False, packages_skip_build_finished=False, packages_select_test_failures=False, packages_skip_test_passed=False, packages_select=['robot_control'], packages_skip=None, packages_select_regex=None, packages_skip_regex=None, packages_start=None, packages_end=None, allow_overriding=[], cmake_args=None, cmake_target=None, cmake_target_skip_unavailable=False, cmake_clean_cache=False, cmake_clean_first=False, cmake_force_configure=False, ament_cmake_args=None, catkin_cmake_args=None, catkin_skip_building_tests=False, verb_parser=<colcon_defaults.argument_parser.defaults.DefaultArgumentsDecorator object at 0x71d59987d9d0>, verb_extension=<colcon_core.verb.build.BuildVerb object at 0x71d59999d7f0>, main=<bound method BuildVerb.main of <colcon_core.verb.build.BuildVerb object at 0x71d59999d7f0>>)
[0.430s] Level 1:colcon.colcon_core.package_discovery:discover_packages(colcon_meta) check parameters
[0.430s] Level 1:colcon.colcon_core.package_discovery:discover_packages(recursive) check parameters
[0.430s] Level 1:colcon.colcon_core.package_discovery:discover_packages(ignore) check parameters
[0.430s] Level 1:colcon.colcon_core.package_discovery:discover_packages(path) check parameters
[0.430s] Level 1:colcon.colcon_core.package_discovery:discover_packages(colcon_meta) discover
[0.431s] Level 1:colcon.colcon_core.package_discovery:discover_packages(recursive) discover
[0.431s] INFO:colcon.colcon_core.package_discovery:Crawling recursively for packages in '/home/saul_rovelo/Documentos/Ros'
[0.431s] Level 1:colcon.colcon_core.package_identification:_identify(.) by extensions ['ignore', 'ignore_ament_install']
[0.431s] Level 1:colcon.colcon_core.package_identification:_identify(.) by extension 'ignore'
[0.431s] Level 1:colcon.colcon_core.package_identification:_identify(.) by extension 'ignore_ament_install'
[0.431s] Level 1:colcon.colcon_core.package_identification:_identify(.) by extensions ['colcon_pkg']
[0.432s] Level 1:colcon.colcon_core.package_identification:_identify(.) by extension 'colcon_pkg'
[0.432s] Level 1:colcon.colcon_core.package_identification:_identify(.) by extensions ['colcon_meta']
[0.432s] Level 1:colcon.colcon_core.package_identification:_identify(.) by extension 'colcon_meta'
[0.432s] Level 1:colcon.colcon_core.package_identification:_identify(.) by extensions ['ros']
[0.432s] Level 1:colcon.colcon_core.package_identification:_identify(.) by extension 'ros'
[0.498s] Level 1:colcon.colcon_core.package_identification:_identify(.) by extensions ['cmake', 'python']
[0.498s] Level 1:colcon.colcon_core.package_identification:_identify(.) by extension 'cmake'
[0.499s] Level 1:colcon.colcon_core.package_identification:_identify(.) by extension 'python'
[0.499s] Level 1:colcon.colcon_core.package_identification:_identify(.) by extensions ['python_setup_py']
[0.499s] Level 1:colcon.colcon_core.package_identification:_identify(.) by extension 'python_setup_py'
[0.499s] Level 1:colcon.colcon_core.package_identification:_identify(build) by extensions ['ignore', 'ignore_ament_install']
[0.500s] Level 1:colcon.colcon_core.package_identification:_identify(build) by extension 'ignore'
[0.500s] Level 1:colcon.colcon_core.package_identification:_identify(build) ignored
[0.501s] Level 1:colcon.colcon_core.package_identification:_identify(install) by extensions ['ignore', 'ignore_ament_install']
[0.501s] Level 1:colcon.colcon_core.package_identification:_identify(install) by extension 'ignore'
[0.501s] Level 1:colcon.colcon_core.package_identification:_identify(install) ignored
[0.502s] Level 1:colcon.colcon_core.package_identification:_identify(log) by extensions ['ignore', 'ignore_ament_install']
[0.502s] Level 1:colcon.colcon_core.package_identification:_identify(log) by extension 'ignore'
[0.502s] Level 1:colcon.colcon_core.package_identification:_identify(log) ignored
[0.503s] Level 1:colcon.colcon_core.package_identification:_identify(src) by extensions ['ignore', 'ignore_ament_install']
[0.503s] Level 1:colcon.colcon_core.package_identification:_identify(src) by extension 'ignore'
[0.503s] Level 1:colcon.colcon_core.package_identification:_identify(src) by extension 'ignore_ament_install'
[0.503s] Level 1:colcon.colcon_core.package_identification:_identify(src) by extensions ['colcon_pkg']
[0.503s] Level 1:colcon.colcon_core.package_identification:_identify(src) by extension 'colcon_pkg'
[0.503s] Level 1:colcon.colcon_core.package_identification:_identify(src) by extensions ['colcon_meta']
[0.504s] Level 1:colcon.colcon_core.package_identification:_identify(src) by extension 'colcon_meta'
[0.504s] Level 1:colcon.colcon_core.package_identification:_identify(src) by extensions ['ros']
[0.504s] Level 1:colcon.colcon_core.package_identification:_identify(src) by extension 'ros'
[0.504s] Level 1:colcon.colcon_core.package_identification:_identify(src) by extensions ['cmake', 'python']
[0.504s] Level 1:colcon.colcon_core.package_identification:_identify(src) by extension 'cmake'
[0.504s] Level 1:colcon.colcon_core.package_identification:_identify(src) by extension 'python'
[0.505s] Level 1:colcon.colcon_core.package_identification:_identify(src) by extensions ['python_setup_py']
[0.505s] Level 1:colcon.colcon_core.package_identification:_identify(src) by extension 'python_setup_py'
[0.505s] Level 1:colcon.colcon_core.package_identification:_identify(src/robot_control) by extensions ['ignore', 'ignore_ament_install']
[0.505s] Level 1:colcon.colcon_core.package_identification:_identify(src/robot_control) by extension 'ignore'
[0.505s] Level 1:colcon.colcon_core.package_identification:_identify(src/robot_control) by extension 'ignore_ament_install'
[0.506s] Level 1:colcon.colcon_core.package_identification:_identify(src/robot_control) by extensions ['colcon_pkg']
[0.506s] Level 1:colcon.colcon_core.package_identification:_identify(src/robot_control) by extension 'colcon_pkg'
[0.506s] Level 1:colcon.colcon_core.package_identification:_identify(src/robot_control) by extensions ['colcon_meta']
[0.506s] Level 1:colcon.colcon_core.package_identification:_identify(src/robot_control) by extension 'colcon_meta'
[0.506s] Level 1:colcon.colcon_core.package_identification:_identify(src/robot_control) by extensions ['ros']
[0.506s] Level 1:colcon.colcon_core.package_identification:_identify(src/robot_control) by extension 'ros'
[0.514s] DEBUG:colcon.colcon_core.package_identification:Package 'src/robot_control' with type 'ros.ament_python' and name 'robot_control'
[0.514s] Level 1:colcon.colcon_core.package_discovery:discover_packages(recursive) using defaults
[0.514s] Level 1:colcon.colcon_core.package_discovery:discover_packages(ignore) discover
[0.514s] Level 1:colcon.colcon_core.package_discovery:discover_packages(ignore) using defaults
[0.514s] Level 1:colcon.colcon_core.package_discovery:discover_packages(path) discover
[0.515s] Level 1:colcon.colcon_core.package_discovery:discover_packages(path) using defaults
[0.560s] Level 1:colcon.colcon_core.package_discovery:discover_packages(prefix_path) check parameters
[0.560s] Level 1:colcon.colcon_core.package_discovery:discover_packages(prefix_path) discover
[0.564s] DEBUG:colcon.colcon_installed_package_information.package_discovery:Found 1 installed packages in /home/saul_rovelo/Documentos/Ros/install
[0.568s] DEBUG:colcon.colcon_installed_package_information.package_discovery:Found 317 installed packages in /opt/ros/jazzy
[0.571s] Level 1:colcon.colcon_core.package_discovery:discover_packages(prefix_path) using defaults
[0.693s] Level 5:colcon.colcon_core.verb:set package 'robot_control' build argument 'cmake_args' from command line to 'None'
[0.694s] Level 5:colcon.colcon_core.verb:set package 'robot_control' build argument 'cmake_target' from command line to 'None'
[0.694s] Level 5:colcon.colcon_core.verb:set package 'robot_control' build argument 'cmake_target_skip_unavailable' from command line to 'False'
[0.694s] Level 5:colcon.colcon_core.verb:set package 'robot_control' build argument 'cmake_clean_cache' from command line to 'False'
[0.694s] Level 5:colcon.colcon_core.verb:set package 'robot_control' build argument 'cmake_clean_first' from command line to 'False'
[0.694s] Level 5:colcon.colcon_core.verb:set package 'robot_control' build argument 'cmake_force_configure' from command line to 'False'
[0.694s] Level 5:colcon.colcon_core.verb:set package 'robot_control' build argument 'ament_cmake_args' from command line to 'None'
[0.694s] Level 5:colcon.colcon_core.verb:set package 'robot_control' build argument 'catkin_cmake_args' from command line to 'None'
[0.694s] Level 5:colcon.colcon_core.verb:set package 'robot_control' build argument 'catkin_skip_building_tests' from command line to 'False'
[0.694s] DEBUG:colcon.colcon_core.verb:Building package 'robot_control' with the following arguments: {'ament_cmake_args': None, 'build_base': '/home/saul_rovelo/Documentos/Ros/build/robot_control', 'catkin_cmake_args': None, 'catkin_skip_building_tests': False, 'cmake_args': None, 'cmake_clean_cache': False, 'cmake_clean_first': False, 'cmake_force_configure': False, 'cmake_target': None, 'cmake_target_skip_unavailable': False, 'install_base': '/home/saul_rovelo/Documentos/Ros/install/robot_control', 'merge_install': False, 'path': '/home/saul_rovelo/Documentos/Ros/src/robot_control', 'symlink_install': False, 'test_result_base': None}
[0.694s] INFO:colcon.colcon_core.executor:Executing jobs using 'parallel' executor
[0.696s] DEBUG:colcon.colcon_parallel_executor.executor.parallel:run_until_complete
[0.696s] INFO:colcon.colcon_ros.task.ament_python.build:Building ROS package in '/home/saul_rovelo/Documentos/Ros/src/robot_control' with build type 'ament_python'
[0.696s] Level 1:colcon.colcon_core.shell:create_environment_hook('robot_control', 'ament_prefix_path')
[0.703s] INFO:colcon.colcon_core.plugin_system:Skipping extension 'colcon_core.shell.bat': Not used on non-Windows systems
[0.704s] INFO:colcon.colcon_core.shell:Creating environment hook '/home/saul_rovelo/Documentos/Ros/install/robot_control/share/robot_control/hook/ament_prefix_path.ps1'
[0.706s] INFO:colcon.colcon_core.shell:Creating environment descriptor '/home/saul_rovelo/Documentos/Ros/install/robot_control/share/robot_control/hook/ament_prefix_path.dsv'
[0.707s] INFO:colcon.colcon_core.shell:Creating environment hook '/home/saul_rovelo/Documentos/Ros/install/robot_control/share/robot_control/hook/ament_prefix_path.sh'
[0.708s] INFO:colcon.colcon_core.shell:Skip shell extension 'powershell' for command environment: Not usable outside of PowerShell
[0.709s] DEBUG:colcon.colcon_core.shell:Skip shell extension 'dsv' for command environment
[1.868s] INFO:colcon.colcon_core.task.python.build:Building Python package in '/home/saul_rovelo/Documentos/Ros/src/robot_control'
[1.871s] INFO:colcon.colcon_core.shell:Skip shell extension 'powershell' for command environment: Not usable outside of PowerShell
[1.872s] DEBUG:colcon.colcon_core.shell:Skip shell extension 'dsv' for command environment
[4.629s] DEBUG:colcon.colcon_core.event_handler.log_command:Invoking command in '/home/saul_rovelo/Documentos/Ros/src/robot_control': DEBUGINFOD_URLS=https://debuginfod.ubuntu.com PYTHONPATH=/home/saul_rovelo/Documentos/Ros/build/robot_control/prefix_override:/usr/lib/python3/dist-packages/colcon_core/task/python/colcon_distutils_commands:/home/saul_rovelo/Documentos/Ros/install/robot_control/lib/python3.12/site-packages:${PYTHONPATH} /usr/bin/python3 -W ignore:setup.py install is deprecated -W ignore:easy_install command is deprecated setup.py egg_info --egg-base ../../build/robot_control build --build-base /home/saul_rovelo/Documentos/Ros/build/robot_control/build install --record /home/saul_rovelo/Documentos/Ros/build/robot_control/install.log --single-version-externally-managed install_data
[7.459s] DEBUG:colcon.colcon_core.event_handler.log_command:Invoked command in '/home/saul_rovelo/Documentos/Ros/src/robot_control' returned '0': DEBUGINFOD_URLS=https://debuginfod.ubuntu.com PYTHONPATH=/home/saul_rovelo/Documentos/Ros/build/robot_control/prefix_override:/usr/lib/python3/dist-packages/colcon_core/task/python/colcon_distutils_commands:/home/saul_rovelo/Documentos/Ros/install/robot_control/lib/python3.12/site-packages:${PYTHONPATH} /usr/bin/python3 -W ignore:setup.py install is deprecated -W ignore:easy_install command is deprecated setup.py egg_info --egg-base ../../build/robot_control build --build-base /home/saul_rovelo/Documentos/Ros/build/robot_control/build install --record /home/saul_rovelo/Documentos/Ros/build/robot_control/install.log --single-version-externally-managed install_data
[7.467s] Level 1:colcon.colcon_core.environment:checking '/home/saul_rovelo/Documentos/Ros/install/robot_control' for CMake module files
[7.470s] Level 1:colcon.colcon_core.environment:checking '/home/saul_rovelo/Documentos/Ros/install/robot_control' for CMake config files
[7.473s] Level 1:colcon.colcon_core.environment:checking '/home/saul_rovelo/Documentos/Ros/install/robot_control/lib'
[7.474s] Level 1:colcon.colcon_core.environment:checking '/home/saul_rovelo/Documentos/Ros/install/robot_control/bin'
[7.474s] Level 1:colcon.colcon_core.environment:checking '/home/saul_rovelo/Documentos/Ros/install/robot_control/lib/pkgconfig/robot_control.pc'
[7.475s] Level 1:colcon.colcon_core.environment:checking '/home/saul_rovelo/Documentos/Ros/install/robot_control/lib/python3.12/site-packages'
[7.476s] Level 1:colcon.colcon_core.shell:create_environment_hook('robot_control', 'pythonpath')
[7.476s] INFO:colcon.colcon_core.shell:Creating environment hook '/home/saul_rovelo/Documentos/Ros/install/robot_control/share/robot_control/hook/pythonpath.ps1'
[7.479s] INFO:colcon.colcon_core.shell:Creating environment descriptor '/home/saul_rovelo/Documentos/Ros/install/robot_control/share/robot_control/hook/pythonpath.dsv'
[7.481s] INFO:colcon.colcon_core.shell:Creating environment hook '/home/saul_rovelo/Documentos/Ros/install/robot_control/share/robot_control/hook/pythonpath.sh'
[7.484s] Level 1:colcon.colcon_core.environment:checking '/home/saul_rovelo/Documentos/Ros/install/robot_control/bin'
[7.485s] Level 1:colcon.colcon_core.environment:create_environment_scripts_only(robot_control)
[7.487s] INFO:colcon.colcon_core.shell:Creating package script '/home/saul_rovelo/Documentos/Ros/install/robot_control/share/robot_control/package.ps1'
[7.492s] INFO:colcon.colcon_core.shell:Creating package descriptor '/home/saul_rovelo/Documentos/Ros/install/robot_control/share/robot_control/package.dsv'
[7.495s] INFO:colcon.colcon_core.shell:Creating package script '/home/saul_rovelo/Documentos/Ros/install/robot_control/share/robot_control/package.sh'
[7.499s] INFO:colcon.colcon_core.shell:Creating package script '/home/saul_rovelo/Documentos/Ros/install/robot_control/share/robot_control/package.bash'
[7.505s] INFO:colcon.colcon_core.shell:Creating package script '/home/saul_rovelo/Documentos/Ros/install/robot_control/share/robot_control/package.zsh'
[7.508s] Level 1:colcon.colcon_core.environment:create_file_with_runtime_dependencies(/home/saul_rovelo/Documentos/Ros/install/robot_control/share/colcon-core/packages/robot_control)
[7.510s] DEBUG:colcon.colcon_parallel_executor.executor.parallel:closing loop
[7.511s] DEBUG:colcon.colcon_parallel_executor.executor.parallel:loop closed
[7.512s] DEBUG:colcon.colcon_parallel_executor.executor.parallel:run_until_complete finished with '0'
[7.512s] DEBUG:colcon.colcon_core.event_reactor:joining thread
[7.547s] INFO:colcon.colcon_core.plugin_system:Skipping extension 'colcon_notification.desktop_notification.terminal_notifier': Not used on non-Darwin systems
[7.547s] INFO:colcon.colcon_core.plugin_system:Skipping extension 'colcon_notification.desktop_notification.win32': Not used on non-Windows systems
[7.547s] INFO:colcon.colcon_notification.desktop_notification:Sending desktop notification using 'notify2'
[7.611s] DEBUG:colcon.colcon_core.event_reactor:joined thread
[7.612s] INFO:colcon.colcon_core.shell:Creating prefix script '/home/saul_rovelo/Documentos/Ros/install/local_setup.ps1'
[7.618s] INFO:colcon.colcon_core.shell:Creating prefix util module '/home/saul_rovelo/Documentos/Ros/install/_local_setup_util_ps1.py'
[7.627s] INFO:colcon.colcon_core.shell:Creating prefix chain script '/home/saul_rovelo/Documentos/Ros/install/setup.ps1'
[7.633s] INFO:colcon.colcon_core.shell:Creating prefix script '/home/saul_rovelo/Documentos/Ros/install/local_setup.sh'
[7.639s] INFO:colcon.colcon_core.shell:Creating prefix util module '/home/saul_rovelo/Documentos/Ros/install/_local_setup_util_sh.py'
[7.646s] INFO:colcon.colcon_core.shell:Creating prefix chain script '/home/saul_rovelo/Documentos/Ros/install/setup.sh'
[7.650s] INFO:colcon.colcon_core.shell:Creating prefix script '/home/saul_rovelo/Documentos/Ros/install/local_setup.bash'
[7.657s] INFO:colcon.colcon_core.shell:Creating prefix chain script '/home/saul_rovelo/Documentos/Ros/install/setup.bash'
[7.671s] INFO:colcon.colcon_core.shell:Creating prefix script '/home/saul_rovelo/Documentos/Ros/install/local_setup.zsh'
[7.677s] INFO:colcon.colcon_core.shell:Creating prefix chain script '/home/saul_rovelo/Documentos/Ros/install/setup.zsh'
