[5.853s] Invoking command in '/home/saul_rovelo/Documentos/Ros/src/robot_control': DEBUGINFOD_URLS=https://debuginfod.ubuntu.com PYTHONPATH=/home/saul_rovelo/Documentos/Ros/build/robot_control/prefix_override:/usr/lib/python3/dist-packages/colcon_core/task/python/colcon_distutils_commands:/home/saul_rovelo/Documentos/Ros/install/robot_control/lib/python3.12/site-packages:${PYTHONPATH} /usr/bin/python3 -W ignore:setup.py install is deprecated -W ignore:easy_install command is deprecated setup.py egg_info --egg-base ../../build/robot_control build --build-base /home/saul_rovelo/Documentos/Ros/build/robot_control/build install --record /home/saul_rovelo/Documentos/Ros/build/robot_control/install.log --single-version-externally-managed install_data
[7.405s] running egg_info
[7.508s] writing ../../build/robot_control/robot_control.egg-info/PKG-INFO
[7.509s] writing dependency_links to ../../build/robot_control/robot_control.egg-info/dependency_links.txt
[7.509s] writing entry points to ../../build/robot_control/robot_control.egg-info/entry_points.txt
[7.509s] writing requirements to ../../build/robot_control/robot_control.egg-info/requires.txt
[7.510s] writing top-level names to ../../build/robot_control/robot_control.egg-info/top_level.txt
[7.719s] reading manifest file '../../build/robot_control/robot_control.egg-info/SOURCES.txt'
[7.732s] writing manifest file '../../build/robot_control/robot_control.egg-info/SOURCES.txt'
[7.733s] running build
[7.734s] running build_py
[7.735s] copying robot_control/line_follower_node.py -> /home/saul_rovelo/Documentos/Ros/build/robot_control/build/lib/robot_control
[7.736s] running install
[7.771s] running install_lib
[7.885s] copying /home/saul_rovelo/Documentos/Ros/build/robot_control/build/lib/robot_control/line_follower_node.py -> /home/saul_rovelo/Documentos/Ros/install/robot_control/lib/python3.12/site-packages/robot_control
[7.888s] byte-compiling /home/saul_rovelo/Documentos/Ros/install/robot_control/lib/python3.12/site-packages/robot_control/line_follower_node.py to line_follower_node.cpython-312.pyc
[7.893s] running install_data
[7.894s] copying launch/sim_tricycle_launch.py -> /home/saul_rovelo/Documentos/Ros/install/robot_control/share/robot_control/launch
[7.894s] copying urdf/tricycle.xacro -> /home/saul_rovelo/Documentos/Ros/install/robot_control/share/robot_control/urdf
[7.895s] running install_egg_info
[8.016s] removing '/home/saul_rovelo/Documentos/Ros/install/robot_control/lib/python3.12/site-packages/robot_control-0.0.0-py3.12.egg-info' (and everything under it)
[8.017s] Copying ../../build/robot_control/robot_control.egg-info to /home/saul_rovelo/Documentos/Ros/install/robot_control/lib/python3.12/site-packages/robot_control-0.0.0-py3.12.egg-info
[8.032s] running install_scripts
[8.779s] Installing commander_node script to /home/saul_rovelo/Documentos/Ros/install/robot_control/lib/robot_control
[8.783s] Installing controller_node script to /home/saul_rovelo/Documentos/Ros/install/robot_control/lib/robot_control
[8.784s] Installing line_follower_node script to /home/saul_rovelo/Documentos/Ros/install/robot_control/lib/robot_control
[8.785s] Installing monitor_node script to /home/saul_rovelo/Documentos/Ros/install/robot_control/lib/robot_control
[8.786s] writing list of installed files to '/home/saul_rovelo/Documentos/Ros/build/robot_control/install.log'
[8.930s] Invoked command in '/home/saul_rovelo/Documentos/Ros/src/robot_control' returned '0': DEBUGINFOD_URLS=https://debuginfod.ubuntu.com PYTHONPATH=/home/saul_rovelo/Documentos/Ros/build/robot_control/prefix_override:/usr/lib/python3/dist-packages/colcon_core/task/python/colcon_distutils_commands:/home/saul_rovelo/Documentos/Ros/install/robot_control/lib/python3.12/site-packages:${PYTHONPATH} /usr/bin/python3 -W ignore:setup.py install is deprecated -W ignore:easy_install command is deprecated setup.py egg_info --egg-base ../../build/robot_control build --build-base /home/saul_rovelo/Documentos/Ros/build/robot_control/build install --record /home/saul_rovelo/Documentos/Ros/build/robot_control/install.log --single-version-externally-managed install_data
