running egg_info
creating ../../build/robot_control/robot_control.egg-info
writing ../../build/robot_control/robot_control.egg-info/PKG-INFO
writing dependency_links to ../../build/robot_control/robot_control.egg-info/dependency_links.txt
writing entry points to ../../build/robot_control/robot_control.egg-info/entry_points.txt
writing requirements to ../../build/robot_control/robot_control.egg-info/requires.txt
writing top-level names to ../../build/robot_control/robot_control.egg-info/top_level.txt
writing manifest file '../../build/robot_control/robot_control.egg-info/SOURCES.txt'
reading manifest file '../../build/robot_control/robot_control.egg-info/SOURCES.txt'
writing manifest file '../../build/robot_control/robot_control.egg-info/SOURCES.txt'
running build
running build_py
creating /home/saul_rovelo/Documentos/Ros/build/robot_control/build
creating /home/saul_rovelo/Documentos/Ros/build/robot_control/build/lib
creating /home/saul_rovelo/Documentos/Ros/build/robot_control/build/lib/robot_control
copying robot_control/controller_node.py -> /home/saul_rovelo/Documentos/Ros/build/robot_control/build/lib/robot_control
copying robot_control/__init__.py -> /home/saul_rovelo/Documentos/Ros/build/robot_control/build/lib/robot_control
copying robot_control/commander_node.py -> /home/saul_rovelo/Documentos/Ros/build/robot_control/build/lib/robot_control
copying robot_control/monitor_node.py -> /home/saul_rovelo/Documentos/Ros/build/robot_control/build/lib/robot_control
running install
running install_lib
creating /home/saul_rovelo/Documentos/Ros/install/robot_control/lib/python3.12/site-packages/robot_control
copying /home/saul_rovelo/Documentos/Ros/build/robot_control/build/lib/robot_control/controller_node.py -> /home/saul_rovelo/Documentos/Ros/install/robot_control/lib/python3.12/site-packages/robot_control
copying /home/saul_rovelo/Documentos/Ros/build/robot_control/build/lib/robot_control/__init__.py -> /home/saul_rovelo/Documentos/Ros/install/robot_control/lib/python3.12/site-packages/robot_control
copying /home/saul_rovelo/Documentos/Ros/build/robot_control/build/lib/robot_control/commander_node.py -> /home/saul_rovelo/Documentos/Ros/install/robot_control/lib/python3.12/site-packages/robot_control
copying /home/saul_rovelo/Documentos/Ros/build/robot_control/build/lib/robot_control/monitor_node.py -> /home/saul_rovelo/Documentos/Ros/install/robot_control/lib/python3.12/site-packages/robot_control
byte-compiling /home/saul_rovelo/Documentos/Ros/install/robot_control/lib/python3.12/site-packages/robot_control/controller_node.py to controller_node.cpython-312.pyc
byte-compiling /home/saul_rovelo/Documentos/Ros/install/robot_control/lib/python3.12/site-packages/robot_control/__init__.py to __init__.cpython-312.pyc
byte-compiling /home/saul_rovelo/Documentos/Ros/install/robot_control/lib/python3.12/site-packages/robot_control/commander_node.py to commander_node.cpython-312.pyc
byte-compiling /home/saul_rovelo/Documentos/Ros/install/robot_control/lib/python3.12/site-packages/robot_control/monitor_node.py to monitor_node.cpython-312.pyc
running install_data
creating /home/saul_rovelo/Documentos/Ros/install/robot_control/share/ament_index
creating /home/saul_rovelo/Documentos/Ros/install/robot_control/share/ament_index/resource_index
creating /home/saul_rovelo/Documentos/Ros/install/robot_control/share/ament_index/resource_index/packages
copying resource/robot_control -> /home/saul_rovelo/Documentos/Ros/install/robot_control/share/ament_index/resource_index/packages
copying package.xml -> /home/saul_rovelo/Documentos/Ros/install/robot_control/share/robot_control
running install_egg_info
Copying ../../build/robot_control/robot_control.egg-info to /home/saul_rovelo/Documentos/Ros/install/robot_control/lib/python3.12/site-packages/robot_control-0.0.0-py3.12.egg-info
running install_scripts
Installing commander_node script to /home/saul_rovelo/Documentos/Ros/install/robot_control/lib/robot_control
Installing controller_node script to /home/saul_rovelo/Documentos/Ros/install/robot_control/lib/robot_control
Installing monitor_node script to /home/saul_rovelo/Documentos/Ros/install/robot_control/lib/robot_control
writing list of installed files to '/home/saul_rovelo/Documentos/Ros/build/robot_control/install.log'
