[1.048s] Invoking command in '/home/saul_rovelo/Documentos/Ros/src/robot_control': DEBUGINFOD_URLS=https://debuginfod.ubuntu.com PYTHONPATH=/home/saul_rovelo/Documentos/Ros/build/robot_control/prefix_override:/usr/lib/python3/dist-packages/colcon_core/task/python/colcon_distutils_commands:/home/saul_rovelo/Documentos/Ros/install/robot_control/lib/python3.12/site-packages:${PYTHONPATH} /usr/bin/python3 -W ignore:setup.py install is deprecated -W ignore:easy_install command is deprecated setup.py egg_info --egg-base ../../build/robot_control build --build-base /home/saul_rovelo/Documentos/Ros/build/robot_control/build install --record /home/saul_rovelo/Documentos/Ros/build/robot_control/install.log --single-version-externally-managed install_data
[1.320s] running egg_info
[1.321s] creating ../../build/robot_control/robot_control.egg-info
[1.347s] writing ../../build/robot_control/robot_control.egg-info/PKG-INFO
[1.347s] writing dependency_links to ../../build/robot_control/robot_control.egg-info/dependency_links.txt
[1.347s] writing entry points to ../../build/robot_control/robot_control.egg-info/entry_points.txt
[1.348s] writing requirements to ../../build/robot_control/robot_control.egg-info/requires.txt
[1.348s] writing top-level names to ../../build/robot_control/robot_control.egg-info/top_level.txt
[1.348s] writing manifest file '../../build/robot_control/robot_control.egg-info/SOURCES.txt'
[1.385s] reading manifest file '../../build/robot_control/robot_control.egg-info/SOURCES.txt'
[1.385s] writing manifest file '../../build/robot_control/robot_control.egg-info/SOURCES.txt'
[1.386s] running build
[1.386s] running build_py
[1.386s] creating /home/saul_rovelo/Documentos/Ros/build/robot_control/build
[1.386s] creating /home/saul_rovelo/Documentos/Ros/build/robot_control/build/lib
[1.386s] creating /home/saul_rovelo/Documentos/Ros/build/robot_control/build/lib/robot_control
[1.386s] copying robot_control/controller_node.py -> /home/saul_rovelo/Documentos/Ros/build/robot_control/build/lib/robot_control
[1.387s] copying robot_control/__init__.py -> /home/saul_rovelo/Documentos/Ros/build/robot_control/build/lib/robot_control
[1.387s] copying robot_control/commander_node.py -> /home/saul_rovelo/Documentos/Ros/build/robot_control/build/lib/robot_control
[1.387s] copying robot_control/monitor_node.py -> /home/saul_rovelo/Documentos/Ros/build/robot_control/build/lib/robot_control
[1.387s] running install
[1.393s] running install_lib
[1.412s] creating /home/saul_rovelo/Documentos/Ros/install/robot_control/lib/python3.12/site-packages/robot_control
[1.412s] copying /home/saul_rovelo/Documentos/Ros/build/robot_control/build/lib/robot_control/controller_node.py -> /home/saul_rovelo/Documentos/Ros/install/robot_control/lib/python3.12/site-packages/robot_control
[1.413s] copying /home/saul_rovelo/Documentos/Ros/build/robot_control/build/lib/robot_control/__init__.py -> /home/saul_rovelo/Documentos/Ros/install/robot_control/lib/python3.12/site-packages/robot_control
[1.413s] copying /home/saul_rovelo/Documentos/Ros/build/robot_control/build/lib/robot_control/commander_node.py -> /home/saul_rovelo/Documentos/Ros/install/robot_control/lib/python3.12/site-packages/robot_control
[1.413s] copying /home/saul_rovelo/Documentos/Ros/build/robot_control/build/lib/robot_control/monitor_node.py -> /home/saul_rovelo/Documentos/Ros/install/robot_control/lib/python3.12/site-packages/robot_control
[1.414s] byte-compiling /home/saul_rovelo/Documentos/Ros/install/robot_control/lib/python3.12/site-packages/robot_control/controller_node.py to controller_node.cpython-312.pyc
[1.416s] byte-compiling /home/saul_rovelo/Documentos/Ros/install/robot_control/lib/python3.12/site-packages/robot_control/__init__.py to __init__.cpython-312.pyc
[1.416s] byte-compiling /home/saul_rovelo/Documentos/Ros/install/robot_control/lib/python3.12/site-packages/robot_control/commander_node.py to commander_node.cpython-312.pyc
[1.417s] byte-compiling /home/saul_rovelo/Documentos/Ros/install/robot_control/lib/python3.12/site-packages/robot_control/monitor_node.py to monitor_node.cpython-312.pyc
[1.417s] running install_data
[1.418s] creating /home/saul_rovelo/Documentos/Ros/install/robot_control/share/ament_index
[1.418s] creating /home/saul_rovelo/Documentos/Ros/install/robot_control/share/ament_index/resource_index
[1.418s] creating /home/saul_rovelo/Documentos/Ros/install/robot_control/share/ament_index/resource_index/packages
[1.418s] copying resource/robot_control -> /home/saul_rovelo/Documentos/Ros/install/robot_control/share/ament_index/resource_index/packages
[1.418s] copying package.xml -> /home/saul_rovelo/Documentos/Ros/install/robot_control/share/robot_control
[1.418s] running install_egg_info
[1.446s] Copying ../../build/robot_control/robot_control.egg-info to /home/saul_rovelo/Documentos/Ros/install/robot_control/lib/python3.12/site-packages/robot_control-0.0.0-py3.12.egg-info
[1.447s] running install_scripts
[1.580s] Installing commander_node script to /home/saul_rovelo/Documentos/Ros/install/robot_control/lib/robot_control
[1.581s] Installing controller_node script to /home/saul_rovelo/Documentos/Ros/install/robot_control/lib/robot_control
[1.581s] Installing monitor_node script to /home/saul_rovelo/Documentos/Ros/install/robot_control/lib/robot_control
[1.581s] writing list of installed files to '/home/saul_rovelo/Documentos/Ros/build/robot_control/install.log'
[1.608s] Invoked command in '/home/saul_rovelo/Documentos/Ros/src/robot_control' returned '0': DEBUGINFOD_URLS=https://debuginfod.ubuntu.com PYTHONPATH=/home/saul_rovelo/Documentos/Ros/build/robot_control/prefix_override:/usr/lib/python3/dist-packages/colcon_core/task/python/colcon_distutils_commands:/home/saul_rovelo/Documentos/Ros/install/robot_control/lib/python3.12/site-packages:${PYTHONPATH} /usr/bin/python3 -W ignore:setup.py install is deprecated -W ignore:easy_install command is deprecated setup.py egg_info --egg-base ../../build/robot_control build --build-base /home/saul_rovelo/Documentos/Ros/build/robot_control/build install --record /home/saul_rovelo/Documentos/Ros/build/robot_control/install.log --single-version-externally-managed install_data
