/home/saul_rovelo/Documentos/Ros/install/robot_control/lib/python3.12/site-packages/robot_control/__init__.py
/home/saul_rovelo/Documentos/Ros/install/robot_control/lib/python3.12/site-packages/robot_control/line_follower_node.py
/home/saul_rovelo/Documentos/Ros/install/robot_control/lib/python3.12/site-packages/robot_control/__pycache__/__init__.cpython-312.pyc
/home/saul_rovelo/Documentos/Ros/install/robot_control/lib/python3.12/site-packages/robot_control/__pycache__/line_follower_node.cpython-312.pyc
/home/saul_rovelo/Documentos/Ros/install/robot_control/share/ament_index/resource_index/packages/robot_control
/home/saul_rovelo/Documentos/Ros/install/robot_control/share/robot_control/package.xml
/home/saul_rovelo/Documentos/Ros/install/robot_control/share/robot_control/launch/sim_tricycle_launch.py
/home/saul_rovelo/Documentos/Ros/install/robot_control/share/robot_control/urdf/tricycle.xacro
/home/saul_rovelo/Documentos/Ros/install/robot_control/share/robot_control/worlds/line_follower.sdf
/home/saul_rovelo/Documentos/Ros/install/robot_control/lib/python3.12/site-packages/robot_control-0.0.0-py3.12.egg-info/zip-safe
/home/saul_rovelo/Documentos/Ros/install/robot_control/lib/python3.12/site-packages/robot_control-0.0.0-py3.12.egg-info/dependency_links.txt
/home/saul_rovelo/Documentos/Ros/install/robot_control/lib/python3.12/site-packages/robot_control-0.0.0-py3.12.egg-info/top_level.txt
/home/saul_rovelo/Documentos/Ros/install/robot_control/lib/python3.12/site-packages/robot_control-0.0.0-py3.12.egg-info/requires.txt
/home/saul_rovelo/Documentos/Ros/install/robot_control/lib/python3.12/site-packages/robot_control-0.0.0-py3.12.egg-info/PKG-INFO
/home/saul_rovelo/Documentos/Ros/install/robot_control/lib/python3.12/site-packages/robot_control-0.0.0-py3.12.egg-info/entry_points.txt
/home/saul_rovelo/Documentos/Ros/install/robot_control/lib/python3.12/site-packages/robot_control-0.0.0-py3.12.egg-info/SOURCES.txt
/home/saul_rovelo/Documentos/Ros/install/robot_control/lib/robot_control/commander_node
/home/saul_rovelo/Documentos/Ros/install/robot_control/lib/robot_control/controller_node
/home/saul_rovelo/Documentos/Ros/install/robot_control/lib/robot_control/line_follower_node
/home/saul_rovelo/Documentos/Ros/install/robot_control/lib/robot_control/monitor_node
