[2.807s] Invoking command in '/home/saul_rovelo/Documentos/Ros/src/robot_control': DEBUGINFOD_URLS=https://debuginfod.ubuntu.com PYTHONPATH=/home/saul_rovelo/Documentos/Ros/build/robot_control/prefix_override:/usr/lib/python3/dist-packages/colcon_core/task/python/colcon_distutils_commands:/home/saul_rovelo/Documentos/Ros/install/robot_control/lib/python3.12/site-packages:${PYTHONPATH} /usr/bin/python3 -W ignore:setup.py install is deprecated -W ignore:easy_install command is deprecated setup.py egg_info --egg-base ../../build/robot_control build --build-base /home/saul_rovelo/Documentos/Ros/build/robot_control/build install --record /home/saul_rovelo/Documentos/Ros/build/robot_control/install.log --single-version-externally-managed install_data
[3.829s] running egg_info
[3.907s] writing ../../build/robot_control/robot_control.egg-info/PKG-INFO
[3.907s] writing dependency_links to ../../build/robot_control/robot_control.egg-info/dependency_links.txt
[3.907s] writing entry points to ../../build/robot_control/robot_control.egg-info/entry_points.txt
[3.908s] writing requirements to ../../build/robot_control/robot_control.egg-info/requires.txt
[3.908s] writing top-level names to ../../build/robot_control/robot_control.egg-info/top_level.txt
[4.035s] reading manifest file '../../build/robot_control/robot_control.egg-info/SOURCES.txt'
[4.044s] writing manifest file '../../build/robot_control/robot_control.egg-info/SOURCES.txt'
[4.044s] running build
[4.044s] running build_py
[4.044s] copying robot_control/line_follower_node.py -> /home/saul_rovelo/Documentos/Ros/build/robot_control/build/lib/robot_control
[4.045s] running install
[4.071s] running install_lib
[4.140s] copying /home/saul_rovelo/Documentos/Ros/build/robot_control/build/lib/robot_control/line_follower_node.py -> /home/saul_rovelo/Documentos/Ros/install/robot_control/lib/python3.12/site-packages/robot_control
[4.141s] byte-compiling /home/saul_rovelo/Documentos/Ros/install/robot_control/lib/python3.12/site-packages/robot_control/line_follower_node.py to line_follower_node.cpython-312.pyc
[4.145s] running install_data
[4.146s] running install_egg_info
[4.225s] removing '/home/saul_rovelo/Documentos/Ros/install/robot_control/lib/python3.12/site-packages/robot_control-0.0.0-py3.12.egg-info' (and everything under it)
[4.226s] Copying ../../build/robot_control/robot_control.egg-info to /home/saul_rovelo/Documentos/Ros/install/robot_control/lib/python3.12/site-packages/robot_control-0.0.0-py3.12.egg-info
[4.228s] running install_scripts
[4.712s] Installing commander_node script to /home/saul_rovelo/Documentos/Ros/install/robot_control/lib/robot_control
[4.713s] Installing controller_node script to /home/saul_rovelo/Documentos/Ros/install/robot_control/lib/robot_control
[4.714s] Installing line_follower_node script to /home/saul_rovelo/Documentos/Ros/install/robot_control/lib/robot_control
[4.714s] Installing monitor_node script to /home/saul_rovelo/Documentos/Ros/install/robot_control/lib/robot_control
[4.716s] writing list of installed files to '/home/saul_rovelo/Documentos/Ros/build/robot_control/install.log'
[4.836s] Invoked command in '/home/saul_rovelo/Documentos/Ros/src/robot_control' returned '0': DEBUGINFOD_URLS=https://debuginfod.ubuntu.com PYTHONPATH=/home/saul_rovelo/Documentos/Ros/build/robot_control/prefix_override:/usr/lib/python3/dist-packages/colcon_core/task/python/colcon_distutils_commands:/home/saul_rovelo/Documentos/Ros/install/robot_control/lib/python3.12/site-packages:${PYTHONPATH} /usr/bin/python3 -W ignore:setup.py install is deprecated -W ignore:easy_install command is deprecated setup.py egg_info --egg-base ../../build/robot_control build --build-base /home/saul_rovelo/Documentos/Ros/build/robot_control/build install --record /home/saul_rovelo/Documentos/Ros/build/robot_control/install.log --single-version-externally-managed install_data
