[0.858s] Invoking command in '/home/saul_rovelo/Documentos/Ros/src/robot_control': DEBUGINFOD_URLS=https://debuginfod.ubuntu.com PYTHONPATH=/home/saul_rovelo/Documentos/Ros/build/robot_control/prefix_override:/usr/lib/python3/dist-packages/colcon_core/task/python/colcon_distutils_commands:/home/saul_rovelo/Documentos/Ros/install/robot_control/lib/python3.12/site-packages:${PYTHONPATH} /usr/bin/python3 -W ignore:setup.py install is deprecated -W ignore:easy_install command is deprecated setup.py egg_info --egg-base ../../build/robot_control build --build-base /home/saul_rovelo/Documentos/Ros/build/robot_control/build install --record /home/saul_rovelo/Documentos/Ros/build/robot_control/install.log --single-version-externally-managed install_data
[1.122s] running egg_info
[1.145s] writing ../../build/robot_control/robot_control.egg-info/PKG-INFO
[1.145s] writing dependency_links to ../../build/robot_control/robot_control.egg-info/dependency_links.txt
[1.145s] writing entry points to ../../build/robot_control/robot_control.egg-info/entry_points.txt
[1.146s] writing requirements to ../../build/robot_control/robot_control.egg-info/requires.txt
[1.146s] writing top-level names to ../../build/robot_control/robot_control.egg-info/top_level.txt
[1.184s] reading manifest file '../../build/robot_control/robot_control.egg-info/SOURCES.txt'
[1.185s] writing manifest file '../../build/robot_control/robot_control.egg-info/SOURCES.txt'
[1.185s] running build
[1.185s] running build_py
[1.185s] running install
[1.191s] running install_lib
[1.210s] running install_data
[1.210s] creating /home/saul_rovelo/Documentos/Ros/install/robot_control/share/robot_control/launch
[1.210s] copying launch/robot_system_launch.py -> /home/saul_rovelo/Documentos/Ros/install/robot_control/share/robot_control/launch
[1.211s] running install_egg_info
[1.236s] removing '/home/saul_rovelo/Documentos/Ros/install/robot_control/lib/python3.12/site-packages/robot_control-0.0.0-py3.12.egg-info' (and everything under it)
[1.236s] Copying ../../build/robot_control/robot_control.egg-info to /home/saul_rovelo/Documentos/Ros/install/robot_control/lib/python3.12/site-packages/robot_control-0.0.0-py3.12.egg-info
[1.237s] running install_scripts
[1.370s] Installing commander_node script to /home/saul_rovelo/Documentos/Ros/install/robot_control/lib/robot_control
[1.370s] Installing controller_node script to /home/saul_rovelo/Documentos/Ros/install/robot_control/lib/robot_control
[1.370s] Installing monitor_node script to /home/saul_rovelo/Documentos/Ros/install/robot_control/lib/robot_control
[1.371s] writing list of installed files to '/home/saul_rovelo/Documentos/Ros/build/robot_control/install.log'
[1.400s] Invoked command in '/home/saul_rovelo/Documentos/Ros/src/robot_control' returned '0': DEBUGINFOD_URLS=https://debuginfod.ubuntu.com PYTHONPATH=/home/saul_rovelo/Documentos/Ros/build/robot_control/prefix_override:/usr/lib/python3/dist-packages/colcon_core/task/python/colcon_distutils_commands:/home/saul_rovelo/Documentos/Ros/install/robot_control/lib/python3.12/site-packages:${PYTHONPATH} /usr/bin/python3 -W ignore:setup.py install is deprecated -W ignore:easy_install command is deprecated setup.py egg_info --egg-base ../../build/robot_control build --build-base /home/saul_rovelo/Documentos/Ros/build/robot_control/build install --record /home/saul_rovelo/Documentos/Ros/build/robot_control/install.log --single-version-externally-managed install_data
