[1.743s] Invoking command in '/home/saul_rovelo/Documentos/Ros/src/robot_control': DEBUGINFOD_URLS=https://debuginfod.ubuntu.com PYTHONPATH=/home/saul_rovelo/Documentos/Ros/build/robot_control/prefix_override:/usr/lib/python3/dist-packages/colcon_core/task/python/colcon_distutils_commands:/home/saul_rovelo/Documentos/Ros/install/robot_control/lib/python3.12/site-packages:${PYTHONPATH} /usr/bin/python3 -W ignore:setup.py install is deprecated -W ignore:easy_install command is deprecated setup.py egg_info --egg-base ../../build/robot_control build --build-base /home/saul_rovelo/Documentos/Ros/build/robot_control/build install --record /home/saul_rovelo/Documentos/Ros/build/robot_control/install.log --single-version-externally-managed install_data
[2.432s] running egg_info
[2.483s] writing ../../build/robot_control/robot_control.egg-info/PKG-INFO
[2.484s] writing dependency_links to ../../build/robot_control/robot_control.egg-info/dependency_links.txt
[2.484s] writing entry points to ../../build/robot_control/robot_control.egg-info/entry_points.txt
[2.485s] writing requirements to ../../build/robot_control/robot_control.egg-info/requires.txt
[2.485s] writing top-level names to ../../build/robot_control/robot_control.egg-info/top_level.txt
[2.593s] reading manifest file '../../build/robot_control/robot_control.egg-info/SOURCES.txt'
[2.594s] writing manifest file '../../build/robot_control/robot_control.egg-info/SOURCES.txt'
[2.594s] running build
[2.595s] running build_py
[2.595s] running install
[2.611s] running install_lib
[2.677s] running install_data
[2.677s] copying package.xml -> /home/saul_rovelo/Documentos/Ros/install/robot_control/share/robot_control
[2.678s] copying launch/sim_tricycle_launch.py -> /home/saul_rovelo/Documentos/Ros/install/robot_control/share/robot_control/launch
[2.678s] running install_egg_info
[2.735s] removing '/home/saul_rovelo/Documentos/Ros/install/robot_control/lib/python3.12/site-packages/robot_control-0.0.0-py3.12.egg-info' (and everything under it)
[2.736s] Copying ../../build/robot_control/robot_control.egg-info to /home/saul_rovelo/Documentos/Ros/install/robot_control/lib/python3.12/site-packages/robot_control-0.0.0-py3.12.egg-info
[2.741s] running install_scripts
[3.116s] Installing commander_node script to /home/saul_rovelo/Documentos/Ros/install/robot_control/lib/robot_control
[3.117s] Installing controller_node script to /home/saul_rovelo/Documentos/Ros/install/robot_control/lib/robot_control
[3.118s] Installing monitor_node script to /home/saul_rovelo/Documentos/Ros/install/robot_control/lib/robot_control
[3.118s] writing list of installed files to '/home/saul_rovelo/Documentos/Ros/build/robot_control/install.log'
[3.229s] Invoked command in '/home/saul_rovelo/Documentos/Ros/src/robot_control' returned '0': DEBUGINFOD_URLS=https://debuginfod.ubuntu.com PYTHONPATH=/home/saul_rovelo/Documentos/Ros/build/robot_control/prefix_override:/usr/lib/python3/dist-packages/colcon_core/task/python/colcon_distutils_commands:/home/saul_rovelo/Documentos/Ros/install/robot_control/lib/python3.12/site-packages:${PYTHONPATH} /usr/bin/python3 -W ignore:setup.py install is deprecated -W ignore:easy_install command is deprecated setup.py egg_info --egg-base ../../build/robot_control build --build-base /home/saul_rovelo/Documentos/Ros/build/robot_control/build install --record /home/saul_rovelo/Documentos/Ros/build/robot_control/install.log --single-version-externally-managed install_data
